[debug] [2019-01-10T17:23:10.151Z] ----------------------------------------------------------------------
[debug] [2019-01-10T17:23:10.154Z] Command:       C:\Program Files\nodejs\node.exe C:\Users\DTMG3012\AppData\Roaming\npm\node_modules\firebase-tools\lib\bin\firebase.js deploy --only functions
[debug] [2019-01-10T17:23:10.154Z] CLI Version:   6.2.2
[debug] [2019-01-10T17:23:10.154Z] Platform:      win32
[debug] [2019-01-10T17:23:10.154Z] Node Version:  v10.14.0
[debug] [2019-01-10T17:23:10.156Z] Time:          Thu Jan 10 2019 18:23:10 GMT+0100 (GMT+01:00)
[debug] [2019-01-10T17:23:10.156Z] ----------------------------------------------------------------------
[debug] 
[debug] [2019-01-10T17:23:10.175Z] > command requires scopes: ["email","openid","https://www.googleapis.com/auth/cloudplatformprojects.readonly","https://www.googleapis.com/auth/firebase","https://www.googleapis.com/auth/cloud-platform"]
[debug] [2019-01-10T17:23:10.176Z] > authorizing via signed-in user
[debug] [2019-01-10T17:23:10.176Z] [iam] checking project blazing-fire-8152 for permissions ["cloudfunctions.functions.create","cloudfunctions.functions.delete","cloudfunctions.functions.get","cloudfunctions.functions.list","cloudfunctions.functions.update","cloudfunctions.operations.get","firebase.projects.get"]
[debug] [2019-01-10T17:23:10.179Z] >>> HTTP REQUEST POST https://cloudresourcemanager.googleapis.com/v1/projects/blazing-fire-8152:testIamPermissions  

[debug] [2019-01-10T17:23:11.070Z] <<< HTTP RESPONSE 200
[info] 
[info] === Deploying to 'blazing-fire-8152'...
[info] 
[info] i  deploying functions
[debug] [2019-01-10T17:23:13.948Z] > [functions] package.json contents: {
  "name": "functions",
  "description": "Cloud Functions for Firebase",
  "scripts": {
    "serve": "firebase serve --only functions",
    "shell": "firebase functions:shell",
    "start": "npm run shell",
    "deploy": "firebase deploy --only functions",
    "logs": "firebase functions:log"
  },
  "dependencies": {
    "firebase-admin": "^6.0.0",
    "firebase-functions": "^2.1.0",
    "request": "^2.88.0",
    "request-promise": "^4.2.2",
    "xml2js": "^0.4.19"
  },
  "private": true
}
[info] i  functions: ensuring necessary APIs are enabled...
[debug] [2019-01-10T17:23:13.950Z] >>> HTTP REQUEST GET https://servicemanagement.googleapis.com/v1/services/cloudfunctions.googleapis.com/projectSettings/blazing-fire-8152?view=CONSUMER_VIEW  
 
[debug] [2019-01-10T17:23:13.950Z] >>> HTTP REQUEST GET https://servicemanagement.googleapis.com/v1/services/runtimeconfig.googleapis.com/projectSettings/blazing-fire-8152?view=CONSUMER_VIEW  
 
[debug] [2019-01-10T17:23:15.236Z] <<< HTTP RESPONSE 200
[debug] [2019-01-10T17:23:15.283Z] <<< HTTP RESPONSE 200
[info] +  functions: all necessary APIs are enabled
[debug] [2019-01-10T17:23:15.285Z] >>> HTTP REQUEST GET https://cloudresourcemanager.googleapis.com/v1/projects/blazing-fire-8152  
 
[debug] [2019-01-10T17:23:16.061Z] <<< HTTP RESPONSE 200
[debug] [2019-01-10T17:23:16.062Z] >>> HTTP REQUEST GET https://mobilesdk-pa.googleapis.com/v1/projects/551835990000:getServerAppConfig  
 
[debug] [2019-01-10T17:23:16.347Z] <<< HTTP RESPONSE 200
[info] i  functions: preparing functions directory for uploading...
[debug] [2019-01-10T17:23:16.351Z] >>> HTTP REQUEST GET https://runtimeconfig.googleapis.com/v1beta1/projects/blazing-fire-8152/configs  
 
[debug] [2019-01-10T17:23:17.570Z] <<< HTTP RESPONSE 200
[debug] [2019-01-10T17:23:17.571Z] >>> HTTP REQUEST GET https://runtimeconfig.googleapis.com/v1beta1/projects/blazing-fire-8152/configs/libthing/variables  
 
[debug] [2019-01-10T17:23:18.453Z] <<< HTTP RESPONSE 200
[debug] [2019-01-10T17:23:18.455Z] >>> HTTP REQUEST GET https://runtimeconfig.googleapis.com/v1beta1/projects/blazing-fire-8152/configs/libthing/variables/key  
 
[debug] [2019-01-10T17:23:18.789Z] <<< HTTP RESPONSE 200
[info] i  functions: packaged functions (42.87 KB) for uploading
[debug] [2019-01-10T17:23:19.444Z] >>> HTTP REQUEST POST https://cloudfunctions.googleapis.com/v1/projects/blazing-fire-8152/locations/us-central1/functions:generateUploadUrl  
 
[debug] [2019-01-10T17:23:19.887Z] <<< HTTP RESPONSE 200
[debug] [2019-01-10T17:23:19.889Z] >>> HTTP REQUEST PUT https://storage.googleapis.com/gcf-upload-us-central1-4ee502b6-4622-4f1c-93f9-7f54b75f44ea/8a05cc00-fec8-45ae-9a48-2388b18c120c.zip?GoogleAccessId=service-551835990000@gcf-admin-robot.iam.gserviceaccount.com&Expires=1547142799&Signature=eWywB44pMsZasyIf9SLsNk7GNvteEW7OlgNs3lvfNc7lBR0IP%2BtySvmRL9bHF2WwMj3%2F2fkvsHBURRI%2BdVU3MYdlr1l10HJd17ol%2BCvJIc5VfKD5tvQpJjnJdqkgt4nx4hDqauCSTbpJUtKhXd%2F63SdCLOdGUQM%2BPXUWNdxNAUgZ0mbY4CLsRz4wBa3kvjr4u1HlZiyayph4RQa6con3mU%2FihPVvdCUFjzD6Aq5mZiTBqcyVHfV%2F2V6w9Qqh1ogQHYCKBapRc%2FVqJUAfcL7TU2UP9K18LG4AfuQIS9%2FFNhzzCLpdynRoqQ3veUXgREdfalMU79ZrgAC4%2BSyY0RN38A%3D%3D  

[debug] [2019-01-10T17:23:21.150Z] <<< HTTP RESPONSE 200
[info] +  functions: functions folder uploaded successfully
[debug] [2019-01-10T17:23:21.159Z] >>> HTTP REQUEST GET https://cloudfunctions.googleapis.com/v1/projects/blazing-fire-8152/locations/-/functions  
 
[debug] [2019-01-10T17:23:21.688Z] <<< HTTP RESPONSE 200
[info] i  functions: updating Node.js 6 function fetchBookInformations(us-central1)...
[debug] [2019-01-10T17:23:21.700Z] Trigger is:  {"eventTrigger":{"resource":"projects/_/instances/blazing-fire-8152/refs/bd/{user}/{ref}/needLookup","eventType":"providers/google.firebase.database/eventTypes/ref.write","service":"firebaseio.com"}}
[debug] [2019-01-10T17:23:21.704Z] >>> HTTP REQUEST PATCH https://cloudfunctions.googleapis.com/v1/projects/blazing-fire-8152/locations/us-central1/functions/fetchBookInformations {"updateMask":"sourceUploadUrl,name,labels,eventTrigger.resource,eventTrigger.eventType,eventTrigger.service"} 

[debug] [2019-01-10T17:23:22.154Z] <<< HTTP RESPONSE 200
[debug] [2019-01-10T17:23:22.160Z] >>> HTTP REQUEST GET https://cloudfunctions.googleapis.com/v1/operations/YmxhemluZy1maXJlLTgxNTIvdXMtY2VudHJhbDEvZmV0Y2hCb29rSW5mb3JtYXRpb25zLzFMNUw5a0prbUxv  
 
[debug] [2019-01-10T17:23:22.603Z] <<< HTTP RESPONSE 200
[debug] [2019-01-10T17:23:24.610Z] >>> HTTP REQUEST GET https://cloudfunctions.googleapis.com/v1/operations/YmxhemluZy1maXJlLTgxNTIvdXMtY2VudHJhbDEvZmV0Y2hCb29rSW5mb3JtYXRpb25zLzFMNUw5a0prbUxv  
 
[debug] [2019-01-10T17:23:24.872Z] <<< HTTP RESPONSE 200
[debug] [2019-01-10T17:23:26.874Z] >>> HTTP REQUEST GET https://cloudfunctions.googleapis.com/v1/operations/YmxhemluZy1maXJlLTgxNTIvdXMtY2VudHJhbDEvZmV0Y2hCb29rSW5mb3JtYXRpb25zLzFMNUw5a0prbUxv  
 
[debug] [2019-01-10T17:23:27.131Z] <<< HTTP RESPONSE 200
